<?xml version="1.0" encoding="UTF-8"?>
<!-- Generated by org.testng.reporters.JUnitReportReporter -->
<testsuite hostname="MANOJ" failures="0" tests="4" name="api.test.UserTests" time="8.547" errors="0" timestamp="2023-11-08T22:35:03 IST" skipped="0">
  <testcase classname="api.test.UserTests" name="testPostUser" time="3.194"/>
  <system-out/>
  <testcase classname="api.test.UserTests" name="testGetUserByName" time="1.316"/>
  <system-out/>
  <testcase classname="api.test.UserTests" name="testUpdateUserByName" time="2.733"/>
  <system-out/>
  <testcase classname="api.test.UserTests" name="testDeleteUserByName" time="1.304"/>
  <system-out/>
</testsuite> <!-- api.test.UserTests -->
