<?xml version="1.0" encoding="UTF-8"?>
<!-- Generated by org.testng.reporters.JUnitReportReporter -->
<testsuite hostname="MANOJ" failures="0" tests="4" name="api.test.UserTests2Prop" time="8.122" errors="0" timestamp="2023-11-09T02:59:32 IST" skipped="0">
  <testcase classname="api.test.UserTests2Prop" name="testPostUser" time="2.723"/>
  <system-out/>
  <testcase classname="api.test.UserTests2Prop" name="testGetUserByName" time="1.361"/>
  <system-out/>
  <testcase classname="api.test.UserTests2Prop" name="testUpdateUserByName" time="2.679"/>
  <system-out/>
  <testcase classname="api.test.UserTests2Prop" name="testDeleteUserByName" time="1.359"/>
  <system-out/>
</testsuite> <!-- api.test.UserTests2Prop -->
