<?xml version="1.0" encoding="UTF-8"?>
<!-- Generated by org.testng.reporters.JUnitReportReporter -->
<testsuite hostname="MANOJ" failures="0" tests="9" name="api.test.DDTests" time="13.785" errors="0" timestamp="2023-11-08T00:53:31 IST" skipped="0">
  <testcase classname="api.test.DDTests" name="testPostUser" time="1.371"/>
  <system-out/>
  <testcase classname="api.test.DDTests" name="testPostUser" time="1.403"/>
  <system-out/>
  <testcase classname="api.test.DDTests" name="testPostUser" time="2.630"/>
  <system-out/>
  <testcase classname="api.test.DDTests" name="testGetUserByName" time="1.465"/>
  <system-out/>
  <testcase classname="api.test.DDTests" name="testGetUserByName" time="1.447"/>
  <system-out/>
  <testcase classname="api.test.DDTests" name="testGetUserByName" time="1.374"/>
  <system-out/>
  <testcase classname="api.test.DDTests" name="testDeleteUserByName" time="1.342"/>
  <system-out/>
  <testcase classname="api.test.DDTests" name="testDeleteUserByName" time="1.332"/>
  <system-out/>
  <testcase classname="api.test.DDTests" name="testDeleteUserByName" time="1.421"/>
  <system-out/>
</testsuite> <!-- api.test.DDTests -->
