<?xml version="1.0" encoding="UTF-8"?>
<!-- Generated by org.testng.reporters.JUnitReportReporter -->
<testsuite hostname="MANOJ" failures="0" tests="4" name="api.test.UserTests2Prop" time="10.893" errors="0" timestamp="2023-11-09T04:29:57 IST" skipped="0">
  <testcase classname="api.test.UserTests2Prop" name="testPostUser" time="4.171"/>
  <system-out/>
  <testcase classname="api.test.UserTests2Prop" name="testGetUserByName" time="1.714"/>
  <system-out/>
  <testcase classname="api.test.UserTests2Prop" name="testUpdateUserByName" time="3.171"/>
  <system-out/>
  <testcase classname="api.test.UserTests2Prop" name="testDeleteUserByName" time="1.837"/>
  <system-out/>
</testsuite> <!-- api.test.UserTests2Prop -->
